[2019-05-13 20:38:52.268] [exthost] [info] extension host started
[2019-05-13 20:38:53.099] [exthost] [info] extension host started
[2019-05-13 20:38:53.134] [exthost] [info] ExtensionService#_doActivateExtension vscode.debug-auto-launch {"startup":true,"activationEvent":"*"}
[2019-05-13 20:38:53.135] [exthost] [info] ExtensionService#loadCommonJSModule /home/ernestoacostacuba/.codemix/engine/resources/app/extensions/debug-auto-launch/dist/extension
[2019-05-13 20:38:53.142] [exthost] [info] ExtensionService#_doActivateExtension vscode.emmet {"startup":true,"activationEvent":"*"}
[2019-05-13 20:38:53.142] [exthost] [info] ExtensionService#loadCommonJSModule /home/ernestoacostacuba/.codemix/engine/resources/app/extensions/emmet/dist/extension
[2019-05-13 20:38:53.182] [exthost] [info] ExtensionService#_doActivateExtension vscode.merge-conflict {"startup":true,"activationEvent":"*"}
[2019-05-13 20:38:53.182] [exthost] [info] ExtensionService#loadCommonJSModule /home/ernestoacostacuba/.codemix/engine/resources/app/extensions/merge-conflict/dist/extension
[2019-05-13 20:38:53.195] [exthost] [info] ExtensionService#_doActivateExtension christian-kohler.path-intellisense {"startup":true,"activationEvent":"*"}
[2019-05-13 20:38:53.195] [exthost] [info] ExtensionService#loadCommonJSModule /home/ernestoacostacuba/.codemix/extensions/christian-kohler.path-intellisense-1.4.2/out/src/extension
[2019-05-13 20:38:53.222] [exthost] [info] ExtensionService#_doActivateExtension dbaeumer.vscode-eslint {"startup":true,"activationEvent":"*"}
[2019-05-13 20:38:53.222] [exthost] [info] ExtensionService#loadCommonJSModule /home/ernestoacostacuba/.codemix/extensions/dbaeumer.vscode-eslint-1.8.2/client/out/extension
[2019-05-13 20:38:53.309] [exthost] [info] ExtensionService#_doActivateExtension formulahendry.auto-close-tag {"startup":true,"activationEvent":"*"}
[2019-05-13 20:38:53.309] [exthost] [info] ExtensionService#loadCommonJSModule /home/ernestoacostacuba/.codemix/extensions/formulahendry.auto-close-tag-0.5.6/out/src/extension
[2019-05-13 20:38:53.312] [exthost] [info] ExtensionService#_doActivateExtension formulahendry.auto-rename-tag {"startup":true,"activationEvent":"*"}
[2019-05-13 20:38:53.312] [exthost] [info] ExtensionService#loadCommonJSModule /home/ernestoacostacuba/.codemix/extensions/formulahendry.auto-rename-tag-0.0.15/out/src/extension
[2019-05-13 20:38:53.318] [exthost] [info] ExtensionService#_doActivateExtension vscode.configuration-editing {"startup":false,"activationEvent":"onLanguage:jsonc"}
[2019-05-13 20:38:53.318] [exthost] [info] ExtensionService#loadCommonJSModule /home/ernestoacostacuba/.codemix/engine/resources/app/extensions/configuration-editing/dist/extension
[2019-05-13 20:38:53.331] [exthost] [info] ExtensionService#_doActivateExtension vscode.json-language-features {"startup":false,"activationEvent":"onLanguage:jsonc"}
[2019-05-13 20:38:53.331] [exthost] [info] ExtensionService#loadCommonJSModule /home/ernestoacostacuba/.codemix/engine/resources/app/extensions/json-language-features/client/dist/jsonMain
[2019-05-13 20:38:53.427] [exthost] [info] ExtensionService#_doActivateExtension vscode.typescript-language-features {"startup":false,"activationEvent":"onLanguage:jsonc"}
[2019-05-13 20:38:53.427] [exthost] [info] ExtensionService#loadCommonJSModule /home/ernestoacostacuba/.codemix/engine/resources/app/extensions/typescript-language-features/dist/extension
[2019-05-13 20:38:53.521] [exthost] [info] ExtensionService#_doActivateExtension vscode.grunt {"startup":false,"activationEvent":"onCommand:workbench.action.tasks.runTask"}
[2019-05-13 20:38:53.521] [exthost] [info] ExtensionService#loadCommonJSModule /home/ernestoacostacuba/.codemix/engine/resources/app/extensions/grunt/dist/main
[2019-05-13 20:38:53.529] [exthost] [info] ExtensionService#_doActivateExtension vscode.gulp {"startup":false,"activationEvent":"onCommand:workbench.action.tasks.runTask"}
[2019-05-13 20:38:53.529] [exthost] [info] ExtensionService#loadCommonJSModule /home/ernestoacostacuba/.codemix/engine/resources/app/extensions/gulp/dist/main
[2019-05-13 20:38:53.536] [exthost] [info] ExtensionService#_doActivateExtension vscode.jake {"startup":false,"activationEvent":"onCommand:workbench.action.tasks.runTask"}
[2019-05-13 20:38:53.536] [exthost] [info] ExtensionService#loadCommonJSModule /home/ernestoacostacuba/.codemix/engine/resources/app/extensions/jake/dist/main
[2019-05-13 20:38:53.544] [exthost] [info] ExtensionService#_doActivateExtension vscode.npm {"startup":false,"activationEvent":"onCommand:workbench.action.tasks.runTask"}
[2019-05-13 20:38:53.544] [exthost] [info] ExtensionService#loadCommonJSModule /home/ernestoacostacuba/.codemix/engine/resources/app/extensions/npm/dist/main
[2019-05-13 20:38:53.584] [exthost] [info] eager extensions activated
